Unhandled exception: c0000005
Date/Time: 2024-03-08, 15:35:04
Fault address: 180067338 (c:\program files\blackmagic design\desktop video\decklinkapi64.dll)
libobs version: 30.0.2 (64-bit)
Windows version: 10.0 build 19045 (release: 22H2; revision: 4046; 64-bit)
CPU: Intel(R) Core(TM) i7-4790 CPU @ 3.60GHz


Thread 1E04: tiny_tubular_task_thread (Crashed)
Stack            EIP              Arg0             Arg1             Arg2             Arg3             Address
00000025FE6FF230 0000000180067338 0000000000000000 00000137655E8C20 0000000000000000 00000137629424F0 decklinkapi64.dll!0x180067338
00000025FE6FF290 000000018005B1CF 0000000000000000 0000000000000001 000001377044E760 0000000000000000 decklinkapi64.dll!0x18005b1cf
00000025FE6FF3C0 000000018005B104 00000137629C2AF0 0000000000000001 0000000000000000 0000000000000001 decklinkapi64.dll!0x18005b104
00000025FE6FF3F0 000000018005B7D9 000001376A729000 0000000000000080 0000000000000080 0000000000000000 decklinkapi64.dll!0x18005b7d9
00000025FE6FF420 00007FFB487249DE 0000000000000001 0000000000000000 00000137654B89A0 000001376A729000 decklink.dll!DeckLinkDeviceInstance::~DeckLinkDeviceInstance+0x9e
00000025FE6FF450 00007FFB48724A04 0000013770A878E0 0000000000000080 00007FFB4872C898 0000013769F00318 decklink.dll!DeckLinkDeviceInstance::`vector deleting destructor'+0x14
00000025FE6FF480 00007FFB48725286 0000C913E3DE9616 0000000000000000 0000013770A878E0 0000000000000080 decklink.dll!DeckLinkDeviceInstance::Release+0x26
00000025FE6FF4B0 00007FFB487289BF 0000013770A878F8 0000013770568D60 0000013770A878E0 0000000000000080 decklink.dll!DeckLinkInput::Deactivate+0x3f
00000025FE6FF4E0 00007FFB48728655 0000000000000001 0000000000000080 00000137629424F0 00007FFB3ACDAA50 decklink.dll!DeckLinkInput::~DeckLinkInput+0xa5
00000025FE6FF510 00007FFB48728734 000001376FF30480 00007FFB3AD2EA78 00000025FE6FF568 000001376FF30480 decklink.dll!DeckLinkInput::`vector deleting destructor'+0x14
00000025FE6FF540 00007FFB3ACDAB1C 000001376285FF80 000001376285FF80 000001377044E760 0000000000000080 obs.dll!obs_source_destroy_defer+0xcc
00000025FE6FF640 00007FFB3ACFD41E 0000000000000000 0000000000000000 0000000000000000 0000000000000000 obs.dll!tiny_tubular_task_thread+0x3ee
00000025FE6FF6A0 00007FFB54215914 00000137628FDB90 0000000000000000 0000000000000000 0000000000000000 w32-pthreads.dll!ptw32_threadStart+0x74
00000025FE6FF720 00007FFB58951BB2 0000000000000000 0000000000000000 0000000000000000 0000000000000000 ucrtbase.dll!0x7ffb58951bb2
00000025FE6FF750 00007FFB599F7344 0000000000000000 0000000000000000 0000000000000000 0000000000000000 kernel32.dll!0x7ffb599f7344
00000025FE6FF780 00007FFB5B0826B1 0000000000000000 0000000000000000 0000000000000000 0000000000000000 ntdll.dll!0x7ffb5b0826b1

Thread 378C:
Stack            EIP              Arg0             Arg1             Arg2             Arg3             Address
00000025FDEFF1A8 00007FFB5B0CD064 00007FF7DC0D12F0 FFFFFFFFFFFFFFFF 0000000000000000 00007FFB00000000 ntdll.dll!0x7ffb5b0cd064
00000025FDEFF1B0 00007FFB58D930CE 00000137628C4600 FFFFFFFFFFFFFFFF 0000000000000000 0000000000000700 kernelbase.dll!0x7ffb58d930ce
00000025FDEFF250 00007FFB3AD26674 00000137628C4600 0000000000000080 000001376285FF80 00007FFB3ACF041D obs.dll!os_event_wait+0x14
00000025FDEFF280 00007FFB3ACFCFCF 00000137628C4600 0000000000000000 0000000000000000 0000000000000040 obs.dll!os_task_queue_wait+0xdf
00000025FDEFF2D0 00007FFB3ACEAACB 0000000000000000 00000025FDEFFB70 0000000000000288 00000025FDEFFB70 obs.dll!obs_free_data+0x1eb
00000025FDEFF300 00007FFB3ACEF933 0000000000000000 00000025FDEFF930 00000025FDEFFB70 0000000000000000 obs.dll!obs_shutdown+0x3e3
00000025FDEFF350 00007FF7DC042BAD 00000025FDEFF408 0000013700000000 00000025FDEFFB70 000001376286DA30 obs64.exe!OBSApp::~OBSApp+0x5d
00000025FDEFF380 00007FF7DC052115 0000000000000000 000001375FD82CA0 0000013700000000 0000000000000001 obs64.exe!run_program+0x11d5
00000025FDEFFA70 00007FF7DC054337 0000000000000000 0000000000000000 0000000000000000 000001375FD82CA0 obs64.exe!main+0x6b7
00000025FDEFFC40 00007FF7DC07F59D 0000000000000001 0000000000000000 000001375FD707F0 000001375FD4FA40 obs64.exe!qtEntryPoint+0x15d
00000025FDEFFCD0 00007FF7DC07EE3E 0000000000000000 0000000000000000 0000000000000000 0000000000000000 obs64.exe!__scrt_common_main_seh+0x106
00000025FDEFFD10 00007FFB599F7344 0000000000000000 0000000000000000 0000000000000000 0000000000000000 kernel32.dll!0x7ffb599f7344
00000025FDEFFD40 00007FFB5B0826B1 0000000000000000 0000000000000000 0000000000000000 0000000000000000 ntdll.dll!0x7ffb5b0826b1

Thread 1D64:
Stack            EIP              Arg0             Arg1             Arg2             Arg3             Address
00000025FDFFF768 00007FFB5B0D0A74 0000000000000000 0000000000000000 000001375FD34B50 000001375FD3A9C0 ntdll.dll!0x7ffb5b0d0a74
00000025FDFFF770 00007FFB5B082E27 0000000000000000 0000000000000000 0000000000000000 0000000000000000 ntdll.dll!0x7ffb5b082e27
00000025FDFFFA70 00007FFB599F7344 0000000000000000 0000000000000000 0000000000000000 0000000000000000 kernel32.dll!0x7ffb599f7344
00000025FDFFFAA0 00007FFB5B0826B1 0000000000000000 0000000000000000 0000000000000000 0000000000000000 ntdll.dll!0x7ffb5b0826b1

Thread 210C:
Stack            EIP              Arg0             Arg1             Arg2             Arg3             Address
00000025FE0FF9F8 00007FFB5B0D0A74 0000000000000000 0000000000000000 000001375FD34B50 000001375FD3B6E0 ntdll.dll!0x7ffb5b0d0a74
00000025FE0FFA00 00007FFB5B082E27 0000000000000000 0000000000000000 0000000000000000 0000000000000000 ntdll.dll!0x7ffb5b082e27
00000025FE0FFD00 00007FFB599F7344 0000000000000000 0000000000000000 0000000000000000 0000000000000000 kernel32.dll!0x7ffb599f7344
00000025FE0FFD30 00007FFB5B0826B1 0000000000000000 0000000000000000 0000000000000000 0000000000000000 ntdll.dll!0x7ffb5b0826b1

Thread 2158:
Stack            EIP              Arg0             Arg1             Arg2             Arg3             Address
00000025FE1FF958 00007FFB5B0D0A74 0000000000000000 0000000000000000 000001375FD34B50 000001375FD3C560 ntdll.dll!0x7ffb5b0d0a74
00000025FE1FF960 00007FFB5B082E27 0000000000000000 0000000000000000 0000000000000000 0000000000000000 ntdll.dll!0x7ffb5b082e27
00000025FE1FFC60 00007FFB599F7344 0000000000000000 0000000000000000 0000000000000000 0000000000000000 kernel32.dll!0x7ffb599f7344
00000025FE1FFC90 00007FFB5B0826B1 0000000000000000 0000000000000000 0000000000000000 0000000000000000 ntdll.dll!0x7ffb5b0826b1

Thread 3500:
Stack            EIP              Arg0             Arg1             Arg2             Arg3             Address
00000025FE2FF8F8 00007FFB5B0D0A74 0000000000010007 0000000000000001 0000013700000001 000001375FD3B340 ntdll.dll!0x7ffb5b0d0a74
00000025FE2FF900 00007FFB5B082E27 0000000000000000 0000000000000000 0000000000000000 0000000000000000 ntdll.dll!0x7ffb5b082e27
00000025FE2FFC00 00007FFB599F7344 0000000000000000 0000000000000000 0000000000000000 0000000000000000 kernel32.dll!0x7ffb599f7344
00000025FE2FFC30 00007FFB5B0826B1 0000000000000000 0000000000000000 0000000000000000 0000000000000000 ntdll.dll!0x7ffb5b0826b1

Thread 23C4:
Stack            EIP              Arg0             Arg1             Arg2             Arg3             Address
00000025FE3FFAB8 00007FFB5B0D0A74 0000000000000000 0000000000000000 000001375FD30B50 000001375FD3C900 ntdll.dll!0x7ffb5b0d0a74
00000025FE3FFAC0 00007FFB5B082E27 0000000000000000 0000000000000000 0000000000000000 0000000000000000 ntdll.dll!0x7ffb5b082e27
00000025FE3FFDC0 00007FFB599F7344 0000000000000000 0000000000000000 0000000000000000 0000000000000000 kernel32.dll!0x7ffb599f7344
00000025FE3FFDF0 00007FFB5B0826B1 0000000000000000 0000000000000000 0000000000000000 0000000000000000 ntdll.dll!0x7ffb5b0826b1

Thread C70:
Stack            EIP              Arg0             Arg1             Arg2             Arg3             Address
00000025FE4FF8C8 00007FFB5B0CDB34 00007FFB57815870 00007FFB5B047955 00007FFB5B19C4D0 00000025FDCE1000 ntdll.dll!0x7ffb5b0cdb34
00000025FE4FF8D0 00007FFB58DC1D20 0000000000000000 0000000000000000 0000000000000000 0000000000000000 kernelbase.dll!0x7ffb58dc1d20
00000025FE4FFBC0 00007FFB59F23146 0000000000000000 0000000000000000 00000137628BA4F0 00007FFB59F239E1 combase.dll!0x7ffb59f23146
00000025FE4FFE50 00007FFB59F22FC0 00000137FFFFFFFF 0000013762869E20 0000000000000000 0000000000000000 combase.dll!0x7ffb59f22fc0
00000025FE4FFEA0 00007FFB59F22DD0 0000000000000000 0000000000000000 0000000000000000 0000000000000000 combase.dll!0x7ffb59f22dd0
00000025FE4FFF00 00007FFB59F22D59 0000000000000000 0000000000000000 0000000000000000 0000000000000000 combase.dll!0x7ffb59f22d59
00000025FE4FFF30 00007FFB599F7344 0000000000000000 0000000000000000 0000000000000000 0000000000000000 kernel32.dll!0x7ffb599f7344
00000025FE4FFF60 00007FFB5B0826B1 0000000000000000 0000000000000000 0000000000000000 0000000000000000 ntdll.dll!0x7ffb5b0826b1

Thread 14F0:
Stack            EIP              Arg0             Arg1             Arg2             Arg3             Address
00000025FE8FFB68 00007FFB5B0CDB34 0000000000000000 0000000000000000 0000000000000000 0000000000000000 ntdll.dll!0x7ffb5b0cdb34
00000025FE8FFB70 00007FFB58DC1D20 0000013762BE6630 0000000000000000 0000013762BE6630 0000000000000000 kernelbase.dll!0x7ffb58dc1d20
00000025FE8FFE60 00007FFB58A7B1B7 0000000000000000 0000000000000000 0000000000000000 0000000000000000 crypt32.dll!0x7ffb58a7b1b7
00000025FE8FFEA0 00007FFB599F7344 0000000000000000 0000000000000000 0000000000000000 0000000000000000 kernel32.dll!0x7ffb599f7344
00000025FE8FFED0 00007FFB5B0826B1 0000000000000000 0000000000000000 0000000000000000 0000000000000000 ntdll.dll!0x7ffb5b0826b1

Thread 3368:
Stack            EIP              Arg0             Arg1             Arg2             Arg3             Address
00000025FE9FFA08 00007FFB5B0CD064 0000000000000000 00007FFB5B0D0E64 0000013762DEFEA0 0000000000000000 ntdll.dll!0x7ffb5b0cd064
00000025FE9FFA10 00007FFB58D930CE 00000137651B7648 00000025FE9FFBB0 0000013700000000 0000000000000818 kernelbase.dll!0x7ffb58d930ce
00000025FE9FFAB0 00007FFB41B976B3 0000013700000000 00000137651319C0 0000000000000000 0000000000000000 nvwgf2umx.dll!0x7ffb41b976b3
00000025FE9FFC20 00007FFB4218687E 0000000000000000 0000000000000000 0000000000000000 0000000000000000 nvwgf2umx.dll!0x7ffb4218687e
00000025FE9FFC50 00007FFB599F7344 0000000000000000 0000000000000000 0000000000000000 0000000000000000 kernel32.dll!0x7ffb599f7344
00000025FE9FFC80 00007FFB5B0826B1 0000000000000000 0000000000000000 0000000000000000 0000000000000000 ntdll.dll!0x7ffb5b0826b1

Thread 3798:
Stack            EIP              Arg0             Arg1             Arg2             Arg3             Address
00000025FDB4FB48 00007FFB5B0CD064 0000000000000000 0000000000000000 0000000000000000 0000000000000000 ntdll.dll!0x7ffb5b0cd064
00000025FDB4FB50 00007FFB58D930CE 0000000000000000 0000000000000000 0000000000000000 0000000000000838 kernelbase.dll!0x7ffb58d930ce
00000025FDB4FBF0 00007FFB41BDE3E7 0000000000000000 00000137651339A0 0000000000000000 0000000000000000 nvwgf2umx.dll!0x7ffb41bde3e7
00000025FDB4FC40 00007FFB41BDE30F 00000137651339A0 0000000000000000 0000000000000000 0000000000000000 nvwgf2umx.dll!0x7ffb41bde30f
00000025FDB4FC70 00007FFB4218687E 0000000000000000 0000000000000000 0000000000000000 0000000000000000 nvwgf2umx.dll!0x7ffb4218687e
00000025FDB4FCA0 00007FFB599F7344 0000000000000000 0000000000000000 0000000000000000 0000000000000000 kernel32.dll!0x7ffb599f7344
00000025FDB4FCD0 00007FFB5B0826B1 0000000000000000 0000000000000000 0000000000000000 0000000000000000 ntdll.dll!0x7ffb5b0826b1

Thread 2738:
Stack            EIP              Arg0             Arg1             Arg2             Arg3             Address
00000025FDB5F8B8 00007FFB5B0CD064 0000000000000000 0000000000000000 0000000000000000 0000000000000000 ntdll.dll!0x7ffb5b0cd064
00000025FDB5F8C0 00007FFB58D930CE 0000000000000000 0000000000000000 0000000000000000 0000000000000838 kernelbase.dll!0x7ffb58d930ce
00000025FDB5F960 00007FFB41BDE3E7 0000000000000000 0000013765133A90 0000000000000000 0000000000000000 nvwgf2umx.dll!0x7ffb41bde3e7
00000025FDB5F9B0 00007FFB41BDE30F 0000013765133A90 0000000000000000 0000000000000000 0000000000000000 nvwgf2umx.dll!0x7ffb41bde30f
00000025FDB5F9E0 00007FFB4218687E 0000000000000000 0000000000000000 0000000000000000 0000000000000000 nvwgf2umx.dll!0x7ffb4218687e
00000025FDB5FA10 00007FFB599F7344 0000000000000000 0000000000000000 0000000000000000 0000000000000000 kernel32.dll!0x7ffb599f7344
00000025FDB5FA40 00007FFB5B0826B1 0000000000000000 0000000000000000 0000000000000000 0000000000000000 ntdll.dll!0x7ffb5b0826b1

Thread 2C0C:
Stack            EIP              Arg0             Arg1             Arg2             Arg3             Address
00000025FDB6FB38 00007FFB5B0CD064 0000000000000000 0000000000000000 0000000000000000 0000000000000000 ntdll.dll!0x7ffb5b0cd064
00000025FDB6FB40 00007FFB58D930CE 0000000000000000 0000000000000000 0000000000000000 0000000000000838 kernelbase.dll!0x7ffb58d930ce
00000025FDB6FBE0 00007FFB41BDE3E7 0000000000000000 0000013765133850 0000000000000000 0000000000000000 nvwgf2umx.dll!0x7ffb41bde3e7
00000025FDB6FC30 00007FFB41BDE30F 0000013765133850 0000000000000000 0000000000000000 0000000000000000 nvwgf2umx.dll!0x7ffb41bde30f
00000025FDB6FC60 00007FFB4218687E 0000000000000000 0000000000000000 0000000000000000 0000000000000000 nvwgf2umx.dll!0x7ffb4218687e
00000025FDB6FC90 00007FFB599F7344 0000000000000000 0000000000000000 0000000000000000 0000000000000000 kernel32.dll!0x7ffb599f7344
00000025FDB6FCC0 00007FFB5B0826B1 0000000000000000 0000000000000000 0000000000000000 0000000000000000 ntdll.dll!0x7ffb5b0826b1

Thread 1DA4:
Stack            EIP              Arg0             Arg1             Arg2             Arg3             Address
00000025FDB7FC38 00007FFB5B0CD064 0000000000000000 0000000000000000 0000000000000000 0000000000000000 ntdll.dll!0x7ffb5b0cd064
00000025FDB7FC40 00007FFB58D930CE 0000000000000000 0000000000000000 0000000000000000 0000000000000838 kernelbase.dll!0x7ffb58d930ce
00000025FDB7FCE0 00007FFB41BDE3E7 0000000000000000 0000013765133130 0000000000000000 0000000000000000 nvwgf2umx.dll!0x7ffb41bde3e7
00000025FDB7FD30 00007FFB41BDE30F 0000013765133130 0000000000000000 0000000000000000 0000000000000000 nvwgf2umx.dll!0x7ffb41bde30f
00000025FDB7FD60 00007FFB4218687E 0000000000000000 0000000000000000 0000000000000000 0000000000000000 nvwgf2umx.dll!0x7ffb4218687e
00000025FDB7FD90 00007FFB599F7344 0000000000000000 0000000000000000 0000000000000000 0000000000000000 kernel32.dll!0x7ffb599f7344
00000025FDB7FDC0 00007FFB5B0826B1 0000000000000000 0000000000000000 0000000000000000 0000000000000000 ntdll.dll!0x7ffb5b0826b1

Thread 8C8:
Stack            EIP              Arg0             Arg1             Arg2             Arg3             Address
00000025FDB9F6B8 00007FFB5B0CD064 0000000000000000 0000043800000780 0000000000000000 0000000000000000 ntdll.dll!0x7ffb5b0cd064
00000025FDB9F6C0 00007FFB58D930CE 000001376516CE30 00007FFB413B7156 0000013700000000 0000000000000874 kernelbase.dll!0x7ffb58d930ce
00000025FDB9F760 00007FFB41823D8E 0000000000000001 0000000000000000 0000000000000001 000001376516CE30 nvwgf2umx.dll!0x7ffb41823d8e
00000025FDB9FA40 00007FFB41823713 000001376516D360 0000000000000000 0000000000000000 0000000000000000 nvwgf2umx.dll!0x7ffb41823713
00000025FDB9FAC0 00007FFB418185BD 0000000000000000 000001376543BBC0 0000000000000000 0000000000000000 nvwgf2umx.dll!0x7ffb418185bd
00000025FDB9FAF0 00007FFB41C7A4EA 0000013765416F30 0000000000000000 0000000000000000 0000000000000000 nvwgf2umx.dll!0x7ffb41c7a4ea
00000025FDB9FB20 00007FFB4218687E 0000000000000000 0000000000000000 0000000000000000 0000000000000000 nvwgf2umx.dll!0x7ffb4218687e
00000025FDB9FB50 00007FFB599F7344 0000000000000000 0000000000000000 0000000000000000 0000000000000000 kernel32.dll!0x7ffb599f7344
00000025FDB9FB80 00007FFB5B0826B1 0000000000000000 0000000000000000 0000000000000000 0000000000000000 ntdll.dll!0x7ffb5b0826b1

Thread 207C:
Stack            EIP              Arg0             Arg1             Arg2             Arg3             Address
00000025FDBAFAE8 00007FFB5B0CD064 0000000000000000 0000000000000000 0000000000000000 0000000000000000 ntdll.dll!0x7ffb5b0cd064
00000025FDBAFAF0 00007FFB58D930CE 0000000000000000 0000000000000000 0000000000000000 000000000000087C kernelbase.dll!0x7ffb58d930ce
00000025FDBAFB90 00007FFB41BDE3E7 0000000000000000 0000013765416F60 0000000000000000 0000000000000000 nvwgf2umx.dll!0x7ffb41bde3e7
00000025FDBAFBE0 00007FFB41BDE30F 0000013765416F60 0000000000000000 0000000000000000 0000000000000000 nvwgf2umx.dll!0x7ffb41bde30f
00000025FDBAFC10 00007FFB4218687E 0000000000000000 0000000000000000 0000000000000000 0000000000000000 nvwgf2umx.dll!0x7ffb4218687e
00000025FDBAFC40 00007FFB599F7344 0000000000000000 0000000000000000 0000000000000000 0000000000000000 kernel32.dll!0x7ffb599f7344
00000025FDBAFC70 00007FFB5B0826B1 0000000000000000 0000000000000000 0000000000000000 0000000000000000 ntdll.dll!0x7ffb5b0826b1

Thread 1AE8:
Stack            EIP              Arg0             Arg1             Arg2             Arg3             Address
00000025FDBBF9D8 00007FFB5B0CD064 0000000000000000 0000013765256690 0000000000000000 0000000000000000 ntdll.dll!0x7ffb5b0cd064
00000025FDBBF9E0 00007FFB58D930CE 0000000000000000 00000000FFFFFFF0 0000000000000000 00000000000007EC kernelbase.dll!0x7ffb58d930ce
00000025FDBBFA80 00007FFB41BDE3E7 0000000000000000 000001376546F610 0000000000000000 0000000000000000 nvwgf2umx.dll!0x7ffb41bde3e7
00000025FDBBFAD0 00007FFB41BDE30F 000001376546F610 0000000000000000 0000000000000000 0000000000000000 nvwgf2umx.dll!0x7ffb41bde30f
00000025FDBBFB00 00007FFB4218687E 0000000000000000 0000000000000000 0000000000000000 0000000000000000 nvwgf2umx.dll!0x7ffb4218687e
00000025FDBBFB30 00007FFB599F7344 0000000000000000 0000000000000000 0000000000000000 0000000000000000 kernel32.dll!0x7ffb599f7344
00000025FDBBFB60 00007FFB5B0826B1 0000000000000000 0000000000000000 0000000000000000 0000000000000000 ntdll.dll!0x7ffb5b0826b1

Thread D00:
Stack            EIP              Arg0             Arg1             Arg2             Arg3             Address
00000025FDBCFAB8 00007FFB5B0CD064 0000000000000000 0000013765256690 0000000000000000 0000000000000000 ntdll.dll!0x7ffb5b0cd064
00000025FDBCFAC0 00007FFB58D930CE 0000000000000000 0000000000000000 0000000000000000 00000000000007EC kernelbase.dll!0x7ffb58d930ce
00000025FDBCFB60 00007FFB41BDE3E7 0000000000000000 000001376546F6D0 0000000000000000 0000000000000000 nvwgf2umx.dll!0x7ffb41bde3e7
00000025FDBCFBB0 00007FFB41BDE30F 000001376546F6D0 0000000000000000 0000000000000000 0000000000000000 nvwgf2umx.dll!0x7ffb41bde30f
00000025FDBCFBE0 00007FFB4218687E 0000000000000000 0000000000000000 0000000000000000 0000000000000000 nvwgf2umx.dll!0x7ffb4218687e
00000025FDBCFC10 00007FFB599F7344 0000000000000000 0000000000000000 0000000000000000 0000000000000000 kernel32.dll!0x7ffb599f7344
00000025FDBCFC40 00007FFB5B0826B1 0000000000000000 0000000000000000 0000000000000000 0000000000000000 ntdll.dll!0x7ffb5b0826b1

Thread 2AA0:
Stack            EIP              Arg0             Arg1             Arg2             Arg3             Address
00000025FDBDF7D8 00007FFB5B0CD064 0000000000000000 0000013765256690 0000000000000000 0000000000000000 ntdll.dll!0x7ffb5b0cd064
00000025FDBDF7E0 00007FFB58D930CE 0000000000000000 0000000000000000 0000000000000000 00000000000007EC kernelbase.dll!0x7ffb58d930ce
00000025FDBDF880 00007FFB41BDE3E7 0000000000000000 000001376546F550 0000000000000000 0000000000000000 nvwgf2umx.dll!0x7ffb41bde3e7
00000025FDBDF8D0 00007FFB41BDE30F 000001376546F550 0000000000000000 0000000000000000 0000000000000000 nvwgf2umx.dll!0x7ffb41bde30f
00000025FDBDF900 00007FFB4218687E 0000000000000000 0000000000000000 0000000000000000 0000000000000000 nvwgf2umx.dll!0x7ffb4218687e
00000025FDBDF930 00007FFB599F7344 0000000000000000 0000000000000000 0000000000000000 0000000000000000 kernel32.dll!0x7ffb599f7344
00000025FDBDF960 00007FFB5B0826B1 0000000000000000 0000000000000000 0000000000000000 0000000000000000 ntdll.dll!0x7ffb5b0826b1

Thread 2608:
Stack            EIP              Arg0             Arg1             Arg2             Arg3             Address
00000025FDBEFD58 00007FFB5B0CD064 0000000000000000 0000013765256690 0000000000000000 0000000000000000 ntdll.dll!0x7ffb5b0cd064
00000025FDBEFD60 00007FFB58D930CE 0000000000000000 0000000000000000 0000000000000000 00000000000007EC kernelbase.dll!0x7ffb58d930ce
00000025FDBEFE00 00007FFB41BDE3E7 0000000000000000 000001376546F580 0000000000000000 0000000000000000 nvwgf2umx.dll!0x7ffb41bde3e7
00000025FDBEFE50 00007FFB41BDE30F 000001376546F580 0000000000000000 0000000000000000 0000000000000000 nvwgf2umx.dll!0x7ffb41bde30f
00000025FDBEFE80 00007FFB4218687E 0000000000000000 0000000000000000 0000000000000000 0000000000000000 nvwgf2umx.dll!0x7ffb4218687e
00000025FDBEFEB0 00007FFB599F7344 0000000000000000 0000000000000000 0000000000000000 0000000000000000 kernel32.dll!0x7ffb599f7344
00000025FDBEFEE0 00007FFB5B0826B1 0000000000000000 0000000000000000 0000000000000000 0000000000000000 ntdll.dll!0x7ffb5b0826b1

Thread 2498:
Stack            EIP              Arg0             Arg1             Arg2             Arg3             Address
00000025FDBFFA78 00007FFB5B0CD064 0000000000000000 0000013765256FD0 0000000000000000 0000000000000000 ntdll.dll!0x7ffb5b0cd064
00000025FDBFFA80 00007FFB58D930CE 0000000000000000 0000000000000000 0000000000000000 00000000000007F4 kernelbase.dll!0x7ffb58d930ce
00000025FDBFFB20 00007FFB41BDE3E7 0000000000000000 00000137652FD480 0000000000000000 0000000000000000 nvwgf2umx.dll!0x7ffb41bde3e7
00000025FDBFFB70 00007FFB41BDE30F 00000137652FD480 0000000000000000 0000000000000000 0000000000000000 nvwgf2umx.dll!0x7ffb41bde30f
00000025FDBFFBA0 00007FFB4218687E 0000000000000000 0000000000000000 0000000000000000 0000000000000000 nvwgf2umx.dll!0x7ffb4218687e
00000025FDBFFBD0 00007FFB599F7344 0000000000000000 0000000000000000 0000000000000000 0000000000000000 kernel32.dll!0x7ffb599f7344
00000025FDBFFC00 00007FFB5B0826B1 0000000000000000 0000000000000000 0000000000000000 0000000000000000 ntdll.dll!0x7ffb5b0826b1

Thread 25D8:
Stack            EIP              Arg0             Arg1             Arg2             Arg3             Address
00000025FEA0FB98 00007FFB5B0CD064 0000000000000000 0000013765256FD0 0000000000000000 0000000000000000 ntdll.dll!0x7ffb5b0cd064
00000025FEA0FBA0 00007FFB58D930CE 0000000000000000 0000000000000000 0000000000000000 00000000000007F4 kernelbase.dll!0x7ffb58d930ce
00000025FEA0FC40 00007FFB41BDE3E7 0000000000000000 00000137652FD600 0000000000000000 0000000000000000 nvwgf2umx.dll!0x7ffb41bde3e7
00000025FEA0FC90 00007FFB41BDE30F 00000137652FD600 0000000000000000 0000000000000000 0000000000000000 nvwgf2umx.dll!0x7ffb41bde30f
00000025FEA0FCC0 00007FFB4218687E 0000000000000000 0000000000000000 0000000000000000 0000000000000000 nvwgf2umx.dll!0x7ffb4218687e
00000025FEA0FCF0 00007FFB599F7344 0000000000000000 0000000000000000 0000000000000000 0000000000000000 kernel32.dll!0x7ffb599f7344
00000025FEA0FD20 00007FFB5B0826B1 0000000000000000 0000000000000000 0000000000000000 0000000000000000 ntdll.dll!0x7ffb5b0826b1

Thread 3D3C:
Stack            EIP              Arg0             Arg1             Arg2             Arg3             Address
00000025FEA1F738 00007FFB5B0CD064 0000000000000000 0000013765256FD0 0000000000000000 0000000000000000 ntdll.dll!0x7ffb5b0cd064
00000025FEA1F740 00007FFB58D930CE 0000000000000000 0000000000000000 0000000000000000 00000000000007F4 kernelbase.dll!0x7ffb58d930ce
00000025FEA1F7E0 00007FFB41BDE3E7 0000000000000000 00000137652FD630 0000000000000000 0000000000000000 nvwgf2umx.dll!0x7ffb41bde3e7
00000025FEA1F830 00007FFB41BDE30F 00000137652FD630 0000000000000000 0000000000000000 0000000000000000 nvwgf2umx.dll!0x7ffb41bde30f
00000025FEA1F860 00007FFB4218687E 0000000000000000 0000000000000000 0000000000000000 0000000000000000 nvwgf2umx.dll!0x7ffb4218687e
00000025FEA1F890 00007FFB599F7344 0000000000000000 0000000000000000 0000000000000000 0000000000000000 kernel32.dll!0x7ffb599f7344
00000025FEA1F8C0 00007FFB5B0826B1 0000000000000000 0000000000000000 0000000000000000 0000000000000000 ntdll.dll!0x7ffb5b0826b1

Thread 40CC:
Stack            EIP              Arg0             Arg1             Arg2             Arg3             Address
00000025FEA2FAD8 00007FFB5B0CD064 0000000000000000 0000013765256FD0 0000000000000000 0000000000000000 ntdll.dll!0x7ffb5b0cd064
00000025FEA2FAE0 00007FFB58D930CE 0000000000000000 0000000000000000 0000000000000000 00000000000007F4 kernelbase.dll!0x7ffb58d930ce
00000025FEA2FB80 00007FFB41BDE3E7 0000000000000000 00000137652FD420 0000000000000000 0000000000000000 nvwgf2umx.dll!0x7ffb41bde3e7
00000025FEA2FBD0 00007FFB41BDE30F 00000137652FD420 0000000000000000 0000000000000000 0000000000000000 nvwgf2umx.dll!0x7ffb41bde30f
00000025FEA2FC00 00007FFB4218687E 0000000000000000 0000000000000000 0000000000000000 0000000000000000 nvwgf2umx.dll!0x7ffb4218687e
00000025FEA2FC30 00007FFB599F7344 0000000000000000 0000000000000000 0000000000000000 0000000000000000 kernel32.dll!0x7ffb599f7344
00000025FEA2FC60 00007FFB5B0826B1 0000000000000000 0000000000000000 0000000000000000 0000000000000000 ntdll.dll!0x7ffb5b0826b1

Thread 54C:
Stack            EIP              Arg0             Arg1             Arg2             Arg3             Address
00000025FED2FAF8 00007FFB5B0CD664 00000025FED2FBB8 00007FFB58DDC0B0 00000BCB45471FDD 00000025FED2FB70 ntdll.dll!0x7ffb5b0cd664
00000025FED2FB00 00007FFB58DBB62E 00000025FED2FC18 0000000000000000 00000025C00000BB 0000000000000000 kernelbase.dll!0x7ffb58dbb62e
00000025FED2FBA0 00007FFB503A2E1C 0000000000989680 0000000000000000 0000000000000000 00007FFB08F58742 msvcp140.dll!0x7ffb503a2e1c
00000025FED2FBF0 00007FFB08E8F773 0000000000000000 0000000000000000 0000000000000000 0000000000000000 advanced-scene-switcher-lib.dll!std::this_thread::sleep_until<std::chrono::steady_clock,std::chrono::duration<__int64,std::ratio<1,1000000000> > >+0x83
00000025FED2FC40 00007FFB08F58D59 0000000000000000 00049B674B6338D0 0000000000000000 0000000000000000 advanced-scene-switcher-lib.dll!std::this_thread::sleep_for<__int64,std::ratio<1,1> >+0x19
00000025FED2FC70 00007FFB0900CCC3 0000000000000000 0000000000000001 00006A1A17FCA5B4 0000000000000000 advanced-scene-switcher-lib.dll!`advss::SetupRecordingTimer'::`2'::<lambda_2>::operator()+0x23
00000025FED2FCA0 00007FFB0900C569 0000000000000000 0000000000000000 0000000000000000 0000000000000000 advanced-scene-switcher-lib.dll!std::invoke<`advss::SetupRecordingTimer'::`2'::<lambda_2> >+0x9
00000025FED2FCD0 00007FFB0900C49B 0000013769F0C950 000001376A0B22F0 0000000000000000 0000000000000000 advanced-scene-switcher-lib.dll!std::thread::_Invoke<std::tuple<`advss::SetupRecordingTimer'::`2'::<lambda_2> >,0>+0x2b
00000025FED2FD00 00007FFB58951BB2 0000000000000000 0000000000000000 0000000000000000 0000000000000000 ucrtbase.dll!0x7ffb58951bb2
00000025FED2FD30 00007FFB599F7344 0000000000000000 0000000000000000 0000000000000000 0000000000000000 kernel32.dll!0x7ffb599f7344
00000025FED2FD60 00007FFB5B0826B1 0000000000000000 0000000000000000 0000000000000000 0000000000000000 ntdll.dll!0x7ffb5b0826b1

Thread 280C:
Stack            EIP              Arg0             Arg1             Arg2             Arg3             Address
00000025FEE2F638 00007FFB588B1104 0000000000000000 0000000000000000 0000000000000000 0000013700000001 win32u.dll!0x7ffb588b1104
00000025FEE2F640 00007FFB5A809146 0000000000320B10 000001376A0D9200 000001376A0D9200 000001376A0D9200 user32.dll!0x7ffb5a809146
00000025FEE2F6A0 000000018002E0AE 000001376A30BA70 000001376A0D9200 0000000000000000 0000000000000000 decklinkapi64.dll!0x18002e0ae
00000025FEE2F760 0000000180017CDF 0000000000000000 0000000000000000 0000000000000000 0000000000000000 decklinkapi64.dll!0x180017cdf
00000025FEE2F790 00007FFB599F7344 0000000000000000 0000000000000000 0000000000000000 0000000000000000 kernel32.dll!0x7ffb599f7344
00000025FEE2F7C0 00007FFB5B0826B1 0000000000000000 0000000000000000 0000000000000000 0000000000000000 ntdll.dll!0x7ffb5b0826b1

Thread 28DC:
Stack            EIP              Arg0             Arg1             Arg2             Arg3             Address
00000025FF22F368 00007FFB5B0CDB34 0000000000000000 0000000000000000 0000000000000000 0000000000000000 ntdll.dll!0x7ffb5b0cdb34
00000025FF22F370 00007FFB58DC1D20 0000000000000000 00007FFB599F5921 0000000000000003 00000025FF22F790 kernelbase.dll!0x7ffb58dc1d20
00000025FF22F660 00007FFB58DC1C1E 00000025FF22F770 0000000000000000 0000000000000000 000000018033FDFF kernelbase.dll!0x7ffb58dc1c1e
00000025FF22F6A0 000000018006B83E 0000013769C49DD0 0000000000000000 0000013769C49DE0 0000000000000000 decklinkapi64.dll!0x18006b83e
00000025FF22F770 000000018001C3C1 0000000000000000 0000000000000000 0000000000000000 0000000000000000 decklinkapi64.dll!0x18001c3c1
00000025FF22F7E0 00007FFB599F7344 0000000000000000 0000000000000000 0000000000000000 0000000000000000 kernel32.dll!0x7ffb599f7344
00000025FF22F810 00007FFB5B0826B1 0000000000000000 0000000000000000 0000000000000000 0000000000000000 ntdll.dll!0x7ffb5b0826b1

Thread 640:
Stack            EIP              Arg0             Arg1             Arg2             Arg3             Address
00000025FF32F5B8 00007FFB5B0CDB34 0000000000000000 0000000000000000 000000020010001B 0000000000000033 ntdll.dll!0x7ffb5b0cdb34
00000025FF32F5C0 00007FFB58DC1D20 00000025FF32F920 0000000000000000 0000000000000002 00000025FF32F9F8 kernelbase.dll!0x7ffb58dc1d20
00000025FF32F8B0 00007FFB58DC1C1E 0000000000000000 0000000000000001 0000000000000001 0000000000000001 kernelbase.dll!0x7ffb58dc1c1e
00000025FF32F8F0 000000018006B83E 000001376A6C7020 0000000000000000 000001376A6C7020 0000000000000000 decklinkapi64.dll!0x18006b83e
00000025FF32F9C0 0000000180042183 0000000000000000 0000000000000000 0000000000000000 0000000000000000 decklinkapi64.dll!0x180042183
00000025FF32F9F0 00007FFB599F7344 0000000000000000 0000000000000000 0000000000000000 0000000000000000 kernel32.dll!0x7ffb599f7344
00000025FF32FA20 00007FFB5B0826B1 0000000000000000 0000000000000000 0000000000000000 0000000000000000 ntdll.dll!0x7ffb5b0826b1

Thread 40DC:
Stack            EIP              Arg0             Arg1             Arg2             Arg3             Address
00000025FF82FEB8 00007FFB5B0CD104 0000000000000000 0000000000000000 0000000000000001 00007FFB57E10000 ntdll.dll!0x7ffb5b0cd104
00000025FF82FEC0 00007FFB57E110AB 00007FFB57E1D620 000001376A7A5440 0000000000000000 0000000000000000 mswsock.dll!0x7ffb57e110ab
00000025FF82FF20 00007FFB599F7344 0000000000000000 0000000000000000 0000000000000000 0000000000000000 kernel32.dll!0x7ffb599f7344
00000025FF82FF50 00007FFB5B0826B1 0000000000000000 0000000000000000 0000000000000000 0000000000000000 ntdll.dll!0x7ffb5b0826b1

Thread EA8:
Stack            EIP              Arg0             Arg1             Arg2             Arg3             Address
00000025FFA2F2C8 00007FFB5B0CDB34 0000000000000002 0000000000000000 0000000000000000 00000025FFA2F330 ntdll.dll!0x7ffb5b0cdb34
00000025FFA2F2D0 00007FFB58DC1D20 0000000000000048 00007FFA00000001 0000013772960920 0000000000000000 kernelbase.dll!0x7ffb58dc1d20
00000025FFA2F5C0 00007FFB58DC1C1E 0000000000000000 0000013772960920 0000000000000000 0000000000000000 kernelbase.dll!0x7ffb58dc1c1e
00000025FFA2F600 00007FFAE2F5E428 0000000000000000 0000013772960920 0000000000000000 0000000000000000 dsound.dll!0x7ffae2f5e428
00000025FFA2F890 00007FFAE2F5DB8A 0000000000001080 0000000000000000 0000000000000000 0000000000000000 dsound.dll!0x7ffae2f5db8a
00000025FFA2F8C0 00007FFB599F7344 0000000000000000 0000000000000000 0000000000000000 0000000000000000 kernel32.dll!0x7ffb599f7344
00000025FFA2F8F0 00007FFB5B0826B1 0000000000000000 0000000000000000 0000000000000000 0000000000000000 ntdll.dll!0x7ffb5b0826b1

Thread 16DC:
Stack            EIP              Arg0             Arg1             Arg2             Arg3             Address
00000025FFC2F648 00007FFB5B0D0A74 0000013770043568 0000013770043568 000001376556E530 0000013770AB78D0 ntdll.dll!0x7ffb5b0d0a74
00000025FFC2F650 00007FFB5B082E27 0000000000000000 0000000000000000 0000000000000000 0000000000000000 ntdll.dll!0x7ffb5b082e27
00000025FFC2F950 00007FFB599F7344 0000000000000000 0000000000000000 0000000000000000 0000000000000000 kernel32.dll!0x7ffb599f7344
00000025FFC2F980 00007FFB5B0826B1 0000000000000000 0000000000000000 0000000000000000 0000000000000000 ntdll.dll!0x7ffb5b0826b1

Thread 2D78:
Stack            EIP              Arg0             Arg1             Arg2             Arg3             Address
00000025FFD2F4C8 00007FFB5B0D0A74 0000013770043568 0000013770043568 000001376556E530 0000013770AB5F70 ntdll.dll!0x7ffb5b0d0a74
00000025FFD2F4D0 00007FFB5B082E27 0000000000000000 0000000000000000 0000000000000000 0000000000000000 ntdll.dll!0x7ffb5b082e27
00000025FFD2F7D0 00007FFB599F7344 0000000000000000 0000000000000000 0000000000000000 0000000000000000 kernel32.dll!0x7ffb599f7344
00000025FFD2F800 00007FFB5B0826B1 0000000000000000 0000000000000000 0000000000000000 0000000000000000 ntdll.dll!0x7ffb5b0826b1

Thread 3E98:
Stack            EIP              Arg0             Arg1             Arg2             Arg3             Address
00000025FF92EEE8 00007FFB5B0CDB34 0000000000000000 00000F0032767579 0000000000000780 0000043800800003 ntdll.dll!0x7ffb5b0cdb34
00000025FF92EEF0 00007FFB58DC1D20 0000ABD40D6F108F 00000025FF92F220 00000137655EAF60 0000000000001BF4 kernelbase.dll!0x7ffb58dc1d20
00000025FF92F1E0 00007FFB58DC1C1E 00000137655EAF60 00000137655EAF60 0000000000001BF4 0000000000001BF4 kernelbase.dll!0x7ffb58dc1c1e
00000025FF92F220 0000000180014BF8 0000000000000000 0000000000000000 0000000000000000 0000000000000000 decklinkapi64.dll!0x180014bf8
00000025FF92FAC0 00007FFB599F7344 0000000000000000 0000000000000000 0000000000000000 0000000000000000 kernel32.dll!0x7ffb599f7344
00000025FF92FAF0 00007FFB5B0826B1 0000000000000000 0000000000000000 0000000000000000 0000000000000000 ntdll.dll!0x7ffb5b0826b1

Thread 2D8C:
Stack            EIP              Arg0             Arg1             Arg2             Arg3             Address
00000025801FFC38 00007FFB5B0CDB34 0000000000000000 0000000000000000 00007FFB50A0CF80 00000000000000B1 ntdll.dll!0x7ffb5b0cdb34
00000025801FFC40 00007FFB509F2751 0000000000000000 0000000000000000 0000000000000000 0000000000000000 winmm.dll!0x7ffb509f2751
00000025801FFDC0 00007FFB599F7344 0000000000000000 0000000000000000 0000000000000000 0000000000000000 kernel32.dll!0x7ffb599f7344
00000025801FFDF0 00007FFB5B0826B1 0000000000000000 0000000000000000 0000000000000000 0000000000000000 ntdll.dll!0x7ffb5b0826b1

Thread 3338:
Stack            EIP              Arg0             Arg1             Arg2             Arg3             Address
000000258020F608 00007FFB5B0CDB34 0000000000000000 0000000000000000 00000630FFFFFB30 000004D0FFFFFB30 ntdll.dll!0x7ffb5b0cdb34
000000258020F610 00007FFB58DC1D20 0000000000000000 00007FFB58DDB8BB 000001376289EA00 0000000000000000 kernelbase.dll!0x7ffb58dc1d20
000000258020F900 00007FFB58DC1C1E 0000000000001000 00007FFB42642B60 00000000FFFFFFFF 0000000000000000 kernelbase.dll!0x7ffb58dc1c1e
000000258020F940 00007FFB41B8ED47 0000000000000000 000001376289EA00 0000000000000000 0000000000000000 nvwgf2umx.dll!0x7ffb41b8ed47
000000258020FA30 00007FFB41C7A4EA 000001376A731C80 0000000000000000 0000000000000000 0000000000000000 nvwgf2umx.dll!0x7ffb41c7a4ea
000000258020FA60 00007FFB4218687E 0000000000000000 0000000000000000 0000000000000000 0000000000000000 nvwgf2umx.dll!0x7ffb4218687e
000000258020FA90 00007FFB599F7344 0000000000000000 0000000000000000 0000000000000000 0000000000000000 kernel32.dll!0x7ffb599f7344
000000258020FAC0 00007FFB5B0826B1 0000000000000000 0000000000000000 0000000000000000 0000000000000000 ntdll.dll!0x7ffb5b0826b1

Thread 12D4:
Stack            EIP              Arg0             Arg1             Arg2             Arg3             Address
000000258021F6C8 00007FFB5B0CD064 0000000000000000 0000013762BE9FE0 0000000000000001 0000000000000000 ntdll.dll!0x7ffb5b0cd064
000000258021F6D0 00007FFB58D930CE 0000000000000000 0000000000000000 0000000000000000 00000000000007B8 kernelbase.dll!0x7ffb58d930ce
000000258021F770 00007FFB41BDE3E7 0000000000000000 000001376FC086A0 0000000000000000 0000000000000000 nvwgf2umx.dll!0x7ffb41bde3e7
000000258021F7C0 00007FFB41BDE30F 000001376FC086A0 0000000000000000 0000000000000000 0000000000000000 nvwgf2umx.dll!0x7ffb41bde30f
000000258021F7F0 00007FFB4218687E 0000000000000000 0000000000000000 0000000000000000 0000000000000000 nvwgf2umx.dll!0x7ffb4218687e
000000258021F820 00007FFB599F7344 0000000000000000 0000000000000000 0000000000000000 0000000000000000 kernel32.dll!0x7ffb599f7344
000000258021F850 00007FFB5B0826B1 0000000000000000 0000000000000000 0000000000000000 0000000000000000 ntdll.dll!0x7ffb5b0826b1

Thread 221C:
Stack            EIP              Arg0             Arg1             Arg2             Arg3             Address
00000025800FF8E8 00007FFB5B0CD064 0000000000000000 0000000000001BBC 0000000000000001 00007FFB1C334153 ntdll.dll!0x7ffb5b0cd064
00000025800FF8F0 00007FFB58D930CE 000001375FDBF988 000001375FDBF988 0000013700000000 0000000000001BBC kernelbase.dll!0x7ffb58d930ce
00000025800FF990 00007FFB1C4DCC16 0000013770472D90 000001376FC08160 000001375FDBFA04 0000000000000001 qt6core.dll!0x7ffb1c4dcc16
00000025800FF9D0 00007FFB1C4FBB70 000001376FC08160 000001376FC08160 0000000000000000 0000013770472E08 qt6core.dll!0x7ffb1c4fbb70
00000025800FFA90 00007FFB1C4F7DC2 0000000000000000 0000000000000000 0000000000000000 0000000000000000 qt6core.dll!0x7ffb1c4f7dc2
00000025800FFAD0 00007FFB599F7344 0000000000000000 0000000000000000 0000000000000000 0000000000000000 kernel32.dll!0x7ffb599f7344
00000025800FFB00 00007FFB5B0826B1 0000000000000000 0000000000000000 0000000000000000 0000000000000000 ntdll.dll!0x7ffb5b0826b1

Thread 3D7C:
Stack            EIP              Arg0             Arg1             Arg2             Arg3             Address
000000258031FD28 00007FFB5B0CD064 0000000000000000 0000000000001AAC 0000000000000001 00007FFB1C334153 ntdll.dll!0x7ffb5b0cd064
000000258031FD30 00007FFB58D930CE 000001375FDBF988 000001375FDBF988 0000013700000000 0000000000001AAC kernelbase.dll!0x7ffb58d930ce
000000258031FDD0 00007FFB1C4DCC16 0000013770472850 0000000000000001 000001375FDBFA04 0000000000000001 qt6core.dll!0x7ffb1c4dcc16
000000258031FE10 00007FFB1C4FBB70 000001376FC08340 000001376FC08340 0000000000000000 00000137704728C8 qt6core.dll!0x7ffb1c4fbb70
000000258031FED0 00007FFB1C4F7DC2 0000000000000000 0000000000000000 0000000000000000 0000000000000000 qt6core.dll!0x7ffb1c4f7dc2
000000258031FF10 00007FFB599F7344 0000000000000000 0000000000000000 0000000000000000 0000000000000000 kernel32.dll!0x7ffb599f7344
000000258031FF40 00007FFB5B0826B1 0000000000000000 0000000000000000 0000000000000000 0000000000000000 ntdll.dll!0x7ffb5b0826b1

Thread 268C:
Stack            EIP              Arg0             Arg1             Arg2             Arg3             Address
000000258041FAD8 00007FFB5B0CD064 0000000000000000 0000000000001980 0000000000000001 00007FFB1C334153 ntdll.dll!0x7ffb5b0cd064
000000258041FAE0 00007FFB58D930CE 000001375FDBF988 000001375FDBF988 0000013700000000 0000000000001980 kernelbase.dll!0x7ffb58d930ce
000000258041FB80 00007FFB1C4DCC16 0000013770472690 000001375FDBF998 000001375FDBFA04 000001376FC07CB0 qt6core.dll!0x7ffb1c4dcc16
000000258041FBC0 00007FFB1C4FBB70 000001376FC07CB0 000001376FC07CB0 0000000000000000 0000013770472708 qt6core.dll!0x7ffb1c4fbb70
000000258041FC80 00007FFB1C4F7DC2 0000000000000000 0000000000000000 0000000000000000 0000000000000000 qt6core.dll!0x7ffb1c4f7dc2
000000258041FCC0 00007FFB599F7344 0000000000000000 0000000000000000 0000000000000000 0000000000000000 kernel32.dll!0x7ffb599f7344
000000258041FCF0 00007FFB5B0826B1 0000000000000000 0000000000000000 0000000000000000 0000000000000000 ntdll.dll!0x7ffb5b0826b1

Thread 3C20:
Stack            EIP              Arg0             Arg1             Arg2             Arg3             Address
000000258051F838 00007FFB5B0D0A74 0000000000000000 0000000000000000 000001375FD30B50 0000000000000000 ntdll.dll!0x7ffb5b0d0a74
000000258051F840 00007FFB5B082E27 0000000000000000 0000000000000000 0000000000000000 0000000000000000 ntdll.dll!0x7ffb5b082e27
000000258051FB40 00007FFB599F7344 0000000000000000 0000000000000000 0000000000000000 0000000000000000 kernel32.dll!0x7ffb599f7344
000000258051FB70 00007FFB5B0826B1 0000000000000000 0000000000000000 0000000000000000 0000000000000000 ntdll.dll!0x7ffb5b0826b1

Loaded modules:
Base Address                      Module
00007FF7DBE30000-00007FF7DC298000 C:\Program Files\obs-studio\bin\64bit\obs64.exe
00007FFB5B030000-00007FFB5B228000 C:\WINDOWS\SYSTEM32\ntdll.dll
00007FFB599E0000-00007FFB59A9D000 C:\WINDOWS\System32\KERNEL32.DLL
00007FFB58D70000-00007FFB59066000 C:\WINDOWS\System32\KERNELBASE.dll
00007FFB591B0000-00007FFB598F5000 C:\WINDOWS\System32\SHELL32.dll
00007FFB586F0000-00007FFB5878D000 C:\WINDOWS\System32\msvcp_win.dll
00007FFB58930000-00007FFB58A30000 C:\WINDOWS\System32\ucrtbase.dll
00007FFB3ACA0000-00007FFB3AD6C000 C:\Program Files\obs-studio\bin\64bit\obs.dll
00007FFB54250000-00007FFB5425C000 C:\Program Files\obs-studio\bin\64bit\obs-frontend-api.dll
00007FFB40CC0000-00007FFB40D46000 C:\Program Files\obs-studio\bin\64bit\libcurl.dll
00007FFB5A7E0000-00007FFB5A97E000 C:\WINDOWS\System32\USER32.dll
00007FFB588B0000-00007FFB588D2000 C:\WINDOWS\System32\win32u.dll
00007FFB59070000-00007FFB5909B000 C:\WINDOWS\System32\GDI32.dll
00007FFB58B90000-00007FFB58CA7000 C:\WINDOWS\System32\gdi32full.dll
00007FFB5ADD0000-00007FFB5AEF6000 C:\WINDOWS\System32\RPCRT4.dll
00007FFB5A650000-00007FFB5A6BB000 C:\WINDOWS\System32\WS2_32.dll
00007FFB59AB0000-00007FFB59BDB000 C:\WINDOWS\System32\ole32.dll
00007FFB5AF20000-00007FFB5AFED000 C:\WINDOWS\System32\OLEAUT32.dll
00007FFB5A780000-00007FFB5A7DE000 C:\WINDOWS\System32\WLDAP32.dll
00007FFB59E80000-00007FFB5A1D4000 C:\WINDOWS\System32\combase.dll
00007FFB5A6C0000-00007FFB5A773000 C:\WINDOWS\System32\ADVAPI32.dll
00007FFB5AB10000-00007FFB5ABAE000 C:\WINDOWS\System32\msvcrt.dll
00007FFB5AC80000-00007FFB5AD1F000 C:\WINDOWS\System32\sechost.dll
00007FFB16F20000-00007FFB19975000 C:\Program Files\obs-studio\bin\64bit\avcodec-60.dll
00007FFB58D40000-00007FFB58D67000 C:\WINDOWS\System32\bcrypt.dll
00007FFB1EAC0000-00007FFB1EF1D000 C:\Program Files\obs-studio\bin\64bit\avformat-60.dll
00007FFB58A30000-00007FFB58B8D000 C:\WINDOWS\System32\CRYPT32.dll
00007FFB54150000-00007FFB541A9000 C:\Program Files\obs-studio\bin\64bit\Qt6Svg.dll
00007FFB1B800000-00007FFB1BDB0000 C:\Program Files\obs-studio\bin\64bit\Qt6Widgets.dll
00007FFB54220000-00007FFB54245000 C:\Program Files\obs-studio\bin\64bit\Qt6Xml.dll
00007FFB160F0000-00007FFB1678B000 C:\Program Files\obs-studio\bin\64bit\Qt6Gui.dll
00007FFB2B260000-00007FFB2B3A8000 C:\Program Files\obs-studio\bin\64bit\Qt6Network.dll
00007FFB1C320000-00007FFB1C892000 C:\Program Files\obs-studio\bin\64bit\Qt6Core.dll
00007FFB39190000-00007FFB3923B000 C:\Program Files\obs-studio\bin\64bit\swscale-7.dll
00007FFB204E0000-00007FFB206EE000 C:\Program Files\obs-studio\bin\64bit\avutil-58.dll
00007FFB541D0000-00007FFB541F8000 C:\Program Files\obs-studio\bin\64bit\swresample-4.dll
00007FFB540C0000-00007FFB540E9000 C:\Program Files\obs-studio\bin\64bit\zlib.dll
00007FFB525E0000-00007FFB525EA000 C:\WINDOWS\SYSTEM32\AVRT.dll
00007FFB56E60000-00007FFB56F53000 C:\WINDOWS\SYSTEM32\dxgi.dll
00007FFB56020000-00007FFB5604F000 C:\WINDOWS\SYSTEM32\dwmapi.dll
00007FFB509F0000-00007FFB50A17000 C:\WINDOWS\SYSTEM32\WINMM.dll
00007FFB50390000-00007FFB5041E000 C:\WINDOWS\SYSTEM32\MSVCP140.dll
00007FFB50420000-00007FFB5043B000 C:\WINDOWS\SYSTEM32\VCRUNTIME140.dll
00007FFB502E0000-00007FFB502EC000 C:\WINDOWS\SYSTEM32\VCRUNTIME140_1.dll
00007FFB3BC10000-00007FFB3BC9A000 C:\Program Files\obs-studio\bin\64bit\libmbedcrypto.dll
00007FFB54210000-00007FFB5421F000 C:\Program Files\obs-studio\bin\64bit\w32-pthreads.dll
00007FFB575C0000-00007FFB575CC000 C:\WINDOWS\SYSTEM32\Secur32.dll
00007FFB55E40000-00007FFB55EDE000 C:\WINDOWS\SYSTEM32\UxTheme.dll
00007FFB54140000-00007FFB54149000 C:\WINDOWS\SYSTEM32\MSVCP140_1.dll
00007FFB54DE0000-00007FFB55043000 C:\WINDOWS\SYSTEM32\d3d11.dll
00007FFB353D0000-00007FFB3564F000 C:\WINDOWS\SYSTEM32\DWrite.dll
00007FFB4B850000-00007FFB4B891000 C:\WINDOWS\SYSTEM32\MSVCP140_2.dll
00007FFB51A20000-00007FFB51B2A000 C:\WINDOWS\SYSTEM32\WINHTTP.dll
00007FFB57B00000-00007FFB57B3B000 C:\WINDOWS\SYSTEM32\IPHLPAPI.DLL
00007FFB57B40000-00007FFB57C0B000 C:\WINDOWS\SYSTEM32\DNSAPI.dll
00007FFB478B0000-00007FFB478CD000 C:\WINDOWS\SYSTEM32\MPR.dll
00007FFB57400000-00007FFB5744F000 C:\WINDOWS\SYSTEM32\AUTHZ.dll
00007FFB585E0000-00007FFB5860E000 C:\WINDOWS\SYSTEM32\USERENV.dll
00007FFB4C2C0000-00007FFB4C2D9000 C:\WINDOWS\SYSTEM32\NETAPI32.dll
00007FFB501A0000-00007FFB501AA000 C:\WINDOWS\SYSTEM32\VERSION.dll
00007FFB585A0000-00007FFB585D2000 C:\WINDOWS\SYSTEM32\SSPICLI.DLL
00007FFB58020000-00007FFB5802C000 C:\WINDOWS\SYSTEM32\CRYPTBASE.DLL
00007FFB57C10000-00007FFB57C1C000 C:\WINDOWS\SYSTEM32\NETUTILS.DLL
00007FFB57370000-00007FFB57398000 C:\WINDOWS\SYSTEM32\SRVCLI.DLL
00007FFB5AC40000-00007FFB5AC72000 C:\WINDOWS\System32\IMM32.DLL
00007FFB58CB0000-00007FFB58D32000 C:\WINDOWS\System32\bcryptPrimitives.dll
00007FFB59AA0000-00007FFB59AA8000 C:\WINDOWS\System32\NSI.dll
00007FFB5AD20000-00007FFB5ADCD000 C:\WINDOWS\System32\shcore.dll
00007FFB51FF0000-00007FFB52024000 C:\WINDOWS\SYSTEM32\RTWorkQ.dll
00007FFB56E40000-00007FFB56E52000 C:\WINDOWS\SYSTEM32\kernel.appcore.dll
00007FFB565B0000-00007FFB56D4C000 C:\WINDOWS\SYSTEM32\windows.storage.dll
00007FFB58120000-00007FFB5814E000 C:\WINDOWS\SYSTEM32\Wldp.dll
00007FFB59E20000-00007FFB59E75000 C:\WINDOWS\System32\shlwapi.dll
00007FFB58000000-00007FFB58018000 C:\WINDOWS\SYSTEM32\CRYPTSP.dll
00007FFB57740000-00007FFB57774000 C:\WINDOWS\system32\rsaenh.dll
00007FFB58620000-00007FFB58645000 C:\WINDOWS\SYSTEM32\profapi.dll
00007FFB37070000-00007FFB37140000 C:\Program Files\obs-studio\bin\64bit\platforms\qwindows.dll
00007FFB5A1E0000-00007FFB5A64E000 C:\WINDOWS\System32\SETUPAPI.dll
00007FFB588E0000-00007FFB5892E000 C:\WINDOWS\System32\cfgmgr32.dll
00007FFB59900000-00007FFB599DA000 C:\WINDOWS\System32\COMDLG32.dll
00007FFB55BF0000-00007FFB55C04000 C:\WINDOWS\SYSTEM32\WTSAPI32.dll
00007FFB50600000-00007FFB506B0000 C:\WINDOWS\WinSxS\amd64_microsoft.windows.common-controls_6595b64144ccf1df_5.82.19041.3636_none_7931fb75243f97c8\COMCTL32.dll
00007FFB2E820000-00007FFB2E9ED000 C:\WINDOWS\SYSTEM32\d3d9.dll
00007FFB580D0000-00007FFB5811B000 C:\WINDOWS\SYSTEM32\powrprof.dll
00007FFB58090000-00007FFB580A2000 C:\WINDOWS\SYSTEM32\UMPDC.dll
00007FFB5A980000-00007FFB5AA94000 C:\WINDOWS\System32\MSCTF.dll
00007FFB58480000-00007FFB584B3000 C:\WINDOWS\SYSTEM32\DEVOBJ.dll
00007FFB59100000-00007FFB591A9000 C:\WINDOWS\System32\clbcatq.dll
00007FFB398E0000-00007FFB39A21000 C:\Windows\System32\Windows.UI.dll
00007FFB51E80000-00007FFB51F21000 C:\Windows\System32\WindowManagementAPI.dll
00007FFB3FB20000-00007FFB3FC19000 C:\Windows\System32\TextInputFramework.dll
00007FFB39240000-00007FFB39392000 C:\Windows\System32\InputHost.dll
00007FFB54260000-00007FFB543B5000 C:\WINDOWS\SYSTEM32\wintypes.dll
00007FFB51B70000-00007FFB51D73000 C:\WINDOWS\SYSTEM32\twinapi.appcore.dll
00007FFB55920000-00007FFB55A12000 C:\Windows\System32\CoreMessaging.dll
00007FFB55240000-00007FFB5559B000 C:\Windows\System32\CoreUIComponents.dll
00007FFB533D0000-00007FFB534C6000 C:\Windows\System32\PROPSYS.dll
00007FFB57860000-00007FFB57893000 C:\WINDOWS\SYSTEM32\ntmarta.dll
00007FFB37140000-00007FFB37279000 C:\Windows\System32\Windows.UI.Immersive.dll
00007FFB4E1D0000-00007FFB4E1F7000 C:\Program Files\obs-studio\bin\64bit\styles\qwindowsvistastyle.dll
00007FFB537B0000-00007FFB537BE000 C:\Program Files\obs-studio\bin\64bit\imageformats\qgif.dll
00007FFB537A0000-00007FFB537AF000 C:\Program Files\obs-studio\bin\64bit\imageformats\qicns.dll
00007FFB53530000-00007FFB5353E000 C:\Program Files\obs-studio\bin\64bit\imageformats\qico.dll
00007FFB38F30000-00007FFB38FCA000 C:\Program Files\obs-studio\bin\64bit\imageformats\qjpeg.dll
00007FFB53520000-00007FFB5352C000 C:\Program Files\obs-studio\bin\64bit\imageformats\qsvg.dll
00007FFB533C0000-00007FFB533CC000 C:\Program Files\obs-studio\bin\64bit\imageformats\qtga.dll
00007FFB3A930000-00007FFB3A999000 C:\Program Files\obs-studio\bin\64bit\imageformats\qtiff.dll
00007FFB52FE0000-00007FFB52FEB000 C:\Program Files\obs-studio\bin\64bit\imageformats\qwbmp.dll
00007FFB372B0000-00007FFB37337000 C:\Program Files\obs-studio\bin\64bit\imageformats\qwebp.dll
00007FFB4DCA0000-00007FFB4DD25000 C:\WINDOWS\System32\MMDevApi.dll
00007FFB2A1F0000-00007FFB2A372000 C:\WINDOWS\SYSTEM32\AUDIOSES.DLL
00007FFB4BBF0000-00007FFB4BE8A000 C:\WINDOWS\WinSxS\amd64_microsoft.windows.common-controls_6595b64144ccf1df_6.0.19041.3636_none_60b6a03d71f818d5\comctl32.dll
00007FFB51540000-00007FFB516F4000 C:\WINDOWS\SYSTEM32\WindowsCodecs.dll
00007FFB27E40000-00007FFB27EA6000 C:\Windows\System32\thumbcache.dll
00007FFB52C90000-00007FFB52D31000 C:\WINDOWS\SYSTEM32\policymanager.dll
00007FFB577D0000-00007FFB5785A000 C:\WINDOWS\SYSTEM32\msvcp110_win.dll
00007FFB297C0000-00007FFB297FE000 C:\WINDOWS\system32\dataexchange.dll
00007FFB55050000-00007FFB55233000 C:\WINDOWS\system32\dcomp.dll
00007FFB30C20000-00007FFB30C6D000 C:\WINDOWS\SYSTEM32\wscapi.dll
00007FFB4AEC0000-00007FFB4B0AC000 C:\WINDOWS\SYSTEM32\urlmon.dll
00007FFB4BFF0000-00007FFB4C2AC000 C:\WINDOWS\SYSTEM32\iertutil.dll
00007FFB4D080000-00007FFB4D091000 C:\Program Files\obs-studio\bin\64bit\iconengines\qsvgicon.dll
00007FFB48660000-00007FFB48694000 C:\Program Files\obs-studio\bin\64bit\libobs-d3d11.dll
00007FFB543C0000-00007FFB5481D000 C:\WINDOWS\SYSTEM32\D3DCompiler_47.dll
00007FFB4DDF0000-00007FFB4DEAE000 C:\WINDOWS\System32\DriverStore\FileRepository\nv_dispwi.inf_amd64_bfbe3e975634189e\nvldumdx.dll
00007FFB582B0000-00007FFB582C2000 C:\WINDOWS\SYSTEM32\msasn1.dll
00007FFB50140000-00007FFB50171000 C:\WINDOWS\SYSTEM32\cryptnet.dll
00007FFB4FEF0000-00007FFB50038000 C:\WINDOWS\SYSTEM32\drvstore.dll
00007FFB58840000-00007FFB588A7000 C:\WINDOWS\System32\wintrust.dll
00007FFB5AF00000-00007FFB5AF1D000 C:\WINDOWS\System32\imagehlp.dll
00007FFB489A0000-00007FFB4ABBD000 C:\WINDOWS\System32\DriverStore\FileRepository\nv_dispwi.inf_amd64_bfbe3e975634189e\nvgpucomp64.dll
00007FFB412C0000-00007FFB45384000 C:\WINDOWS\System32\DriverStore\FileRepository\nv_dispwi.inf_amd64_bfbe3e975634189e\nvwgf2umx.dll
00007FFB53750000-00007FFB5378B000 C:\WINDOWS\SYSTEM32\dxcore.dll
00007FFB4B840000-00007FFB4B847000 C:\Program Files\obs-studio\obs-plugins\64bit\advanced-scene-switcher.dll
00007FFB08DD0000-00007FFB09C5D000 C:\Program Files\obs-studio\obs-plugins\64bit\advanced-scene-switcher-lib.dll
00007FFB57E10000-00007FFB57E7A000 C:\WINDOWS\SYSTEM32\MSWSOCK.dll
00007FFB06A20000-00007FFB08DCF000 C:\WINDOWS\System32\DriverStore\FileRepository\nv_dispwi.inf_amd64_bfbe3e975634189e\nvd3dumx.dll
00007FFB485A0000-00007FFB485E8000 C:\Program Files\obs-studio\obs-plugins\64bit\adv-ss-plugins\advanced-scene-switcher-midi.dll
00007FFB16960000-00007FFB16F11000 C:\Program Files\obs-studio\obs-plugins\64bit\adv-ss-plugins\advanced-scene-switcher-opencv.dll
00007FFB2B9D0000-00007FFB2BA92000 C:\Program Files\obs-studio\obs-plugins\64bit\adv-ss-plugins\opencv_objdetect460.dll
00007FFB04D90000-00007FFB06A18000 C:\Program Files\obs-studio\obs-plugins\64bit\adv-ss-plugins\opencv_imgproc460.dll
00007FFB03420000-00007FFB0447F000 C:\Program Files\obs-studio\obs-plugins\64bit\adv-ss-plugins\opencv_core460.dll
00007FFB1EFE0000-00007FFB1F27B000 C:\Program Files\obs-studio\obs-plugins\64bit\adv-ss-plugins\opencv_calib3d460.dll
00007FFB2B180000-00007FFB2B25A000 C:\Program Files\obs-studio\obs-plugins\64bit\adv-ss-plugins\opencv_features2d460.dll
00007FFB30020000-00007FFB300B0000 C:\Program Files\obs-studio\obs-plugins\64bit\adv-ss-plugins\opencv_flann460.dll
00007FFB484E0000-00007FFB4852E000 C:\WINDOWS\SYSTEM32\CONCRT140.dll
00007FFB487B0000-00007FFB487D2000 C:\Program Files\obs-studio\obs-plugins\64bit\adv-ss-plugins\advanced-scene-switcher-openvr.dll
00007FFB2AF80000-00007FFB2B04B000 C:\Program Files\obs-studio\obs-plugins\64bit\adv-ss-plugins\openvr_api.dll
00007FFB1E880000-00007FFB1EAB9000 C:\Program Files\obs-studio\obs-plugins\64bit\adv-ss-plugins\advanced-scene-switcher-twitch.dll
00007FFB2B560000-00007FFB2B60D000 C:\Program Files\obs-studio\obs-plugins\64bit\adv-ss-plugins\libssl-1_1-x64.dll
00007FFB1E030000-00007FFB1E37B000 C:\Program Files\obs-studio\obs-plugins\64bit\adv-ss-plugins\libcrypto-1_1-x64.dll
00007FFB1CC60000-00007FFB1CE41000 C:\Program Files\obs-studio\obs-plugins\64bit\aja-output-ui.dll
00007FFB1CA40000-00007FFB1CC54000 C:\Program Files\obs-studio\obs-plugins\64bit\aja.dll
00007FFB48760000-00007FFB48771000 C:\Program Files\obs-studio\obs-plugins\64bit\coreaudio-encoder.dll
00007FFB48810000-00007FFB4881F000 C:\Program Files\obs-studio\obs-plugins\64bit\decklink-captions.dll
00007FFB48490000-00007FFB484C6000 C:\Program Files\obs-studio\obs-plugins\64bit\decklink-output-ui.dll
00007FFB48720000-00007FFB48736000 C:\Program Files\obs-studio\obs-plugins\64bit\decklink.dll
0000000180000000-00000001804DE000 C:\Program Files\Blackmagic Design\Desktop Video\DeckLinkAPI64.dll
00007FFB41190000-00007FFB412B5000 C:\WINDOWS\SYSTEM32\OPENGL32.dll
00007FFB46570000-00007FFB4659C000 C:\WINDOWS\SYSTEM32\GLU32.dll
00007FFB40E50000-00007FFB40E5D000 C:\WINDOWS\SYSTEM32\atlthunk.dll
00007FFB3A7D0000-00007FFB3A82E000 C:\Program Files\obs-studio\obs-plugins\64bit\frontend-tools.dll
00007FFB46E50000-00007FFB46E70000 C:\Program Files\obs-studio\bin\64bit\obs-scripting.dll
00007FFB2DD00000-00007FFB2DD92000 C:\Program Files\obs-studio\bin\64bit\lua51.dll
00007FFB1A150000-00007FFB1A60B000 C:\ProgramData\miniforge3\python310.dll
00000137627E0000-00000137627EF000 C:\ProgramData\miniforge3\python3.DLL
00007FFB2ABD0000-00007FFB2ACF2000 C:\Program Files\obs-studio\data\obs-scripting\64bit\_obspython.pyd
00007FFB48700000-00007FFB4870C000 C:\Program Files\obs-studio\obs-plugins\64bit\image-source.dll
00007FFB29530000-00007FFB295F9000 C:\Program Files\obs-studio\obs-plugins\64bit\obs-browser.dll
00007FFACC1A0000-00007FFAD6BA8000 C:\Program Files\obs-studio\obs-plugins\64bit\libcef.dll
00007FFB4AC10000-00007FFB4ADF4000 C:\WINDOWS\SYSTEM32\dbghelp.dll
00007FFB25320000-00007FFB25615000 C:\WINDOWS\SYSTEM32\UIAutomationCore.DLL
00007FFB47840000-00007FFB478A6000 C:\WINDOWS\SYSTEM32\OLEACC.dll
00007FFB56D50000-00007FFB56D5D000 C:\WINDOWS\SYSTEM32\HID.DLL
00007FFB1FA50000-00007FFB1FB92000 C:\Program Files\obs-studio\obs-plugins\64bit\chrome_elf.dll
00007FFB58190000-00007FFB581B8000 C:\WINDOWS\SYSTEM32\ncrypt.dll
00007FFB0D630000-00007FFB0D649000 C:\WINDOWS\SYSTEM32\USP10.dll
00007FFB46F30000-00007FFB46FD5000 C:\WINDOWS\SYSTEM32\WINSPOOL.DRV
00007FFB0D650000-00007FFB0D674000 C:\WINDOWS\SYSTEM32\dxva2.dll
00007FFB3F3A0000-00007FFB3F3F1000 C:\WINDOWS\SYSTEM32\CRYPTUI.dll
00007FFB30A70000-00007FFB30A89000 C:\WINDOWS\SYSTEM32\credui.dll
00007FFB536E0000-00007FFB536FD000 C:\WINDOWS\SYSTEM32\dhcpcsvc.DLL
00007FFB53540000-00007FFB535A5000 C:\WINDOWS\SYSTEM32\wevtapi.dll
00007FFB47BF0000-00007FFB480C6000 C:\WINDOWS\SYSTEM32\WININET.dll
00007FFB3E370000-00007FFB3E6A5000 C:\WINDOWS\SYSTEM32\ESENT.dll
00007FFB53EA0000-00007FFB53EAA000 C:\WINDOWS\SYSTEM32\DSROLE.DLL
00007FFB578A0000-00007FFB578B9000 C:\WINDOWS\SYSTEM32\WKSCLI.DLL
00007FFB4E230000-00007FFB4E249000 C:\WINDOWS\SYSTEM32\SAMCLI.DLL
00007FFB58150000-00007FFB5818B000 C:\WINDOWS\SYSTEM32\NTASN1.dll
00007FFB46A90000-00007FFB46AD5000 C:\Program Files\obs-studio\obs-plugins\64bit\obs-ffmpeg.dll
00007FFB469D0000-00007FFB469FA000 C:\Program Files\obs-studio\bin\64bit\avdevice-60.dll
00007FFB3BB60000-00007FFB3BBAC000 C:\Program Files\obs-studio\bin\64bit\librist.dll
00007FFB1B640000-00007FFB1B7F8000 C:\Program Files\obs-studio\bin\64bit\libsrt.dll
00007FFB469B0000-00007FFB469C9000 C:\WINDOWS\SYSTEM32\AVICAP32.dll
00007FFB15CB0000-00007FFB160E7000 C:\Program Files\obs-studio\bin\64bit\avfilter-9.dll
00007FFB46520000-00007FFB46529000 C:\WINDOWS\SYSTEM32\WSOCK32.dll
00007FFB40C90000-00007FFB40CBB000 C:\WINDOWS\SYSTEM32\MSVFW32.dll
00007FFB1E470000-00007FFB1E56A000 C:\WINDOWS\SYSTEM32\nvEncodeAPI64.dll
00007FFB39130000-00007FFB39183000 C:\Program Files\obs-studio\obs-plugins\64bit\obs-filters.dll
00007FFB3C340000-00007FFB3C37D000 C:\Program Files\obs-studio\obs-plugins\64bit\obs-outputs.dll
00007FFB36FB0000-00007FFB36FEF000 C:\Program Files\obs-studio\bin\64bit\libmbedtls.dll
00007FFB46530000-00007FFB46547000 C:\Program Files\obs-studio\bin\64bit\libmbedx509.dll
00007FFB31A00000-00007FFB31A3A000 C:\Program Files\obs-studio\obs-plugins\64bit\obs-qsv11.dll
00007FFB48590000-00007FFB4859F000 C:\Program Files\obs-studio\obs-plugins\64bit\obs-text.dll
00007FFB47690000-00007FFB47837000 C:\WINDOWS\WinSxS\amd64_microsoft.windows.gdiplus_6595b64144ccf1df_1.1.19041.3996_none_91a79472cc852ba0\gdiplus.dll
00007FFB48480000-00007FFB4848E000 C:\Program Files\obs-studio\obs-plugins\64bit\obs-transitions.dll
00007FFB3F0D0000-00007FFB3F0E3000 C:\Program Files\obs-studio\obs-plugins\64bit\obs-vst.dll
00007FFB3AED0000-00007FFB3AEE3000 C:\Program Files\obs-studio\obs-plugins\64bit\obs-webrtc.dll
00007FFB1B260000-00007FFB1B444000 C:\Program Files\obs-studio\bin\64bit\datachannel.dll
00007FFB1B510000-00007FFB1B63A000 C:\Program Files\obs-studio\obs-plugins\64bit\obs-websocket.dll
00007FFB40C50000-00007FFB40C5C000 C:\Program Files\obs-studio\obs-plugins\64bit\obs-x264.dll
00007FFB158F0000-00007FFB15C1F000 C:\Program Files\obs-studio\bin\64bit\libx264-164.dll
00007FFB3A890000-00007FFB3A8A3000 C:\Program Files\obs-studio\obs-plugins\64bit\rtmp-services.dll
00007FFB2B0D0000-00007FFB2B172000 C:\Program Files\obs-studio\obs-plugins\64bit\text-freetype2.dll
00007FFB3BCD0000-00007FFB3BCDD000 C:\Program Files\obs-studio\obs-plugins\64bit\vlc-video.dll
00007FFB51B60000-00007FFB51B6A000 C:\Windows\System32\rasadhlp.dll
00007FFB39AD0000-00007FFB39AEF000 C:\Program Files\obs-studio\obs-plugins\64bit\win-capture.dll
00007FFB2FE80000-00007FFB2FEB4000 C:\Program Files\obs-studio\obs-plugins\64bit\win-dshow.dll
00007FFB0C150000-00007FFB0C16D000 C:\Windows\System32\devenum.dll
00007FFB3BB30000-00007FFB3BB3B000 C:\WINDOWS\SYSTEM32\msdmo.dll
00007FFB39A50000-00007FFB39A63000 C:\Program Files\obs-studio\obs-plugins\64bit\win-wasapi.dll
00007FFB538E0000-00007FFB53960000 C:\WINDOWS\System32\fwpuclnt.dll
00007FFB2DE80000-00007FFB2DED0000 C:\Users\mog\AppData\Roaming\Python\Python310\site-packages\pyaudio\_portaudio.cp310-win_amd64.pyd
00007FFB14EF0000-00007FFB151C8000 C:\ProgramData\miniforge3\lib\site-packages\numpy\core\_multiarray_umath.cp310-win_amd64.pyd
00007FFAFED10000-00007FFB011CC000 C:\ProgramData\miniforge3\Library\bin\libcblas.dll
00007FFB57650000-00007FFB576E8000 C:\WINDOWS\system32\schannel.DLL
00007FFB39110000-00007FFB39124000 C:\ProgramData\miniforge3\lib\site-packages\numpy\core\_multiarray_tests.cp310-win_amd64.pyd
00007FFB37280000-00007FFB372A1000 C:\ProgramData\miniforge3\DLLs\_ctypes.pyd
00007FFB3AC60000-00007FFB3AC6C000 C:\ProgramData\miniforge3\Library\bin\ffi-8.dll
00007FFB319E0000-00007FFB319FD000 C:\ProgramData\miniforge3\lib\site-packages\numpy\linalg\_umath_linalg.cp310-win_amd64.pyd
00007FFAFC850000-00007FFAFED0C000 C:\ProgramData\miniforge3\Library\bin\libblas.dll
00007FFAC86A0000-00007FFACAB5C000 C:\ProgramData\miniforge3\Library\bin\liblapack.dll
00007FFB310C0000-00007FFB310DE000 C:\ProgramData\miniforge3\lib\site-packages\numpy\fft\_pocketfft_internal.cp310-win_amd64.pyd
00007FFB2BF00000-00007FFB2BF97000 C:\ProgramData\miniforge3\lib\site-packages\numpy\random\mtrand.cp310-win_amd64.pyd
00007FFB2FEF0000-00007FFB2FF1C000 C:\ProgramData\miniforge3\lib\site-packages\numpy\random\bit_generator.cp310-win_amd64.pyd
00007FFB2FE50000-00007FFB2FE7F000 C:\ProgramData\miniforge3\lib\site-packages\numpy\random\_common.cp310-win_amd64.pyd
00007FFB3A7C0000-00007FFB3A7D0000 C:\ProgramData\miniforge3\DLLs\_hashlib.pyd
00007FFAFC220000-00007FFAFC847000 C:\ProgramData\miniforge3\Library\bin\libcrypto-3-x64.dll
00007FFB2DB90000-00007FFB2DBD4000 C:\ProgramData\miniforge3\lib\site-packages\numpy\random\_bounded_integers.cp310-win_amd64.pyd
00007FFB30000000-00007FFB30016000 C:\ProgramData\miniforge3\lib\site-packages\numpy\random\_mt19937.cp310-win_amd64.pyd
00007FFB2E410000-00007FFB2E425000 C:\ProgramData\miniforge3\lib\site-packages\numpy\random\_philox.cp310-win_amd64.pyd
00007FFB2E3B0000-00007FFB2E3C9000 C:\ProgramData\miniforge3\lib\site-packages\numpy\random\_pcg64.cp310-win_amd64.pyd
00007FFB37060000-00007FFB37070000 C:\ProgramData\miniforge3\lib\site-packages\numpy\random\_sfc64.cp310-win_amd64.pyd
00007FFB2AD80000-00007FFB2AE2F000 C:\ProgramData\miniforge3\lib\site-packages\numpy\random\_generator.cp310-win_amd64.pyd
00007FFAC62C0000-00007FFAC8691000 C:\ProgramData\miniforge3\Library\bin\mkl_intel_thread.2.dll
00007FFAB58B0000-00007FFABA10D000 C:\ProgramData\miniforge3\Library\bin\mkl_core.2.dll
00007FFAC3A20000-00007FFAC62B2000 C:\ProgramData\miniforge3\Library\bin\mkl_avx2.2.dll
00007FFAFB380000-00007FFAFC21F000 C:\ProgramData\miniforge3\Library\bin\mkl_vml_avx2.2.dll
00007FFB36FA0000-00007FFB36FAB000 C:\ProgramData\miniforge3\DLLs\_bz2.pyd
00007FFB2DCB0000-00007FFB2DCE8000 C:\ProgramData\miniforge3\Library\bin\LIBBZ2.dll
00007FFB2E400000-00007FFB2E40D000 C:\ProgramData\miniforge3\DLLs\_lzma.pyd
00007FFB2D790000-00007FFB2D7BA000 C:\ProgramData\miniforge3\Library\bin\liblzma.dll
00007FFB24670000-00007FFB24696000 C:\WINDOWS\SYSTEM32\winmmbase.dll
00007FFB30B80000-00007FFB30BC6000 C:\WINDOWS\SYSTEM32\wdmaud.drv
00007FFB3F1A0000-00007FFB3F1A9000 C:\WINDOWS\SYSTEM32\ksuser.dll
00007FFB3F190000-00007FFB3F19D000 C:\WINDOWS\SYSTEM32\msacm32.drv
00007FFB3C480000-00007FFB3C49E000 C:\WINDOWS\SYSTEM32\MSACM32.dll
00007FFB3F180000-00007FFB3F18B000 C:\WINDOWS\SYSTEM32\midimap.dll
00007FFB55F20000-00007FFB55F34000 C:\WINDOWS\SYSTEM32\resourcepolicyclient.dll
00007FFAE2F50000-00007FFAE2FEC000 C:\WINDOWS\SYSTEM32\dsound.dll
00007FFB2E450000-00007FFB2E465000 C:\WINDOWS\SYSTEM32\mskeyprotect.dll
00007FFB2E4A0000-00007FFB2E4C6000 C:\WINDOWS\system32\ncryptsslp.dll
00007FFB3AB70000-00007FFB3AC1C000 C:\WINDOWS\SYSTEM32\TextShaping.dll
00007FFB47AE0000-00007FFB47B14000 C:\WINDOWS\SYSTEM32\dbgcore.DLL
